[debug] [2017-06-19T01:14:37.439Z] ----------------------------------------------------------------------
[debug] [2017-06-19T01:14:37.443Z] Command:      /usr/local/bin/node /usr/local/bin/firebase serve
[debug] [2017-06-19T01:14:37.443Z] CLI Version:  3.9.1
[debug] [2017-06-19T01:14:37.443Z] Platform:     darwin
[debug] [2017-06-19T01:14:37.443Z] Node Version: v6.11.0
[debug] [2017-06-19T01:14:37.444Z] Time:         Sun Jun 18 2017 18:14:37 GMT-0700 (PDT)
[debug] [2017-06-19T01:14:37.444Z] ----------------------------------------------------------------------
[debug] 
[debug] [2017-06-19T01:14:37.462Z] > command requires scopes: ["email","openid","https://www.googleapis.com/auth/cloudplatformprojects.readonly","https://www.googleapis.com/auth/firebase","https://www.googleapis.com/auth/cloud-platform"]
[debug] [2017-06-19T01:14:37.462Z] > authorizing via signed-in user
[debug] [2017-06-19T01:14:37.464Z] > refreshing access token with scopes: ["email","https://www.googleapis.com/auth/cloud-platform","https://www.googleapis.com/auth/cloudplatformprojects.readonly","https://www.googleapis.com/auth/firebase","openid"]
[debug] [2017-06-19T01:14:37.464Z] >>> HTTP REQUEST POST https://www.googleapis.com/oauth2/v3/token { refresh_token: '1/HujvgmBOEUix1XQF93z8MuZ_TVBYMK8PN1EPjaj20ps',
  client_id: '563584335869-fgrhgmd47bqnekij5i8b5pr03ho849e6.apps.googleusercontent.com',
  client_secret: 'j9iVZfS8kkCEFUPaAeJV0sAi',
  grant_type: 'refresh_token',
  scope: 'email https://www.googleapis.com/auth/cloud-platform https://www.googleapis.com/auth/cloudplatformprojects.readonly https://www.googleapis.com/auth/firebase openid' } 
 Sun Jun 18 2017 18:14:37 GMT-0700 (PDT)
[debug] [2017-06-19T01:14:37.741Z] <<< HTTP RESPONSE 200
[debug] [2017-06-19T01:14:37.757Z] >>> HTTP REQUEST GET https://admin.firebase.com/v1/projects/pickup-tricking  
 Sun Jun 18 2017 18:14:37 GMT-0700 (PDT)
[debug] [2017-06-19T01:14:38.296Z] <<< HTTP RESPONSE 200
[debug] [2017-06-19T01:14:38.297Z] >>> HTTP REQUEST GET https://admin.firebase.com/v1/database/pickup-tricking/tokens  
 Sun Jun 18 2017 18:14:38 GMT-0700 (PDT)
[debug] [2017-06-19T01:14:39.245Z] <<< HTTP RESPONSE 200
[info] 
[info] === Serving from '/Users/dharikpatel/Documents/GitHub/pickup-tricking'...
[info] 
[debug] [2017-06-19T01:14:39.252Z] >>> HTTP REQUEST GET https://cloudresourcemanager.googleapis.com/v1/projects/pickup-tricking  
 Sun Jun 18 2017 18:14:39 GMT-0700 (PDT)
[debug] [2017-06-19T01:14:39.860Z] <<< HTTP RESPONSE 200
[debug] [2017-06-19T01:14:39.861Z] >>> HTTP REQUEST GET https://mobilesdk-pa.googleapis.com/v1/projects/981593307874/clients/_:getWebAppConfig  
 Sun Jun 18 2017 18:14:39 GMT-0700 (PDT)
[debug] [2017-06-19T01:14:40.473Z] <<< HTTP RESPONSE 200
[info] i  hosting: Serving hosting files from: public
[info] ✔  hosting: Local server: http://localhost:5000

